<?xml version="1.0" encoding="UTF-8"?>
<!-- Generated by org.testng.reporters.JUnitXMLReporter -->
<testsuite hostname="DESKTOP-6DRS0JN" failures="1" tests="1" name="androidChromeTest" time="86.369" errors="0" timestamp="22 Feb 2022 03:04:36 GMT">
  <testcase classname="org.quote.mobileMDATests.CarInsuranceCompanies" name="validate_SiteURLs" time="68.438">
    <failure type="java.lang.AssertionError" message="WebDriverException occured : ">
      <![CDATA[java.lang.AssertionError: WebDriverException occured : 
	at org.quote.mobileMDATests.CarInsuranceCompanies.validate_SiteURLs(CarInsuranceCompanies.java:109)
Caused by: org.openqa.selenium.ElementNotInteractableException: element not interactable
  (Session info: chrome=80.0.3987.99) (WARNING: The server did not provide any stacktrace information)
Command duration or timeout: 0 milliseconds
Build info: version: '3.141.59', revision: 'e82be7d358', time: '2018-11-14T08:17:03'
System info: host: 'DESKTOP-6DRS0JN', ip: '10.168.10.6', os.name: 'Windows 10', os.arch: 'amd64', os.version: '10.0', java.version: '16.0.1'
Driver info: io.appium.java_client.android.AndroidDriver
Capabilities {appActivity: com.google.android.apps.chr..., appPackage: com.android.chrome, browserName: chrome, databaseEnabled: false, desired: {browserName: chrome, deviceName: Galaxy S10, newCommandTimeout: 600, orientation: PORTRAIT, platformName: Android, platformVersion: 10.0, udid: RF8MC0VLHBP}, deviceApiLevel: 29, deviceManufacturer: samsung, deviceModel: SM-G9730, deviceName: RF8MC0VLHBP, deviceScreenDensity: 420, deviceScreenSize: 1080x2280, deviceUDID: RF8MC0VLHBP, javascriptEnabled: true, locationContextEnabled: false, networkConnectionEnabled: true, newCommandTimeout: 600, orientation: PORTRAIT, pixelRatio: 2.625, platform: LINUX, platformName: Android, platformVersion: 10, statBarHeight: 112, takesScreenshot: true, udid: RF8MC0VLHBP, viewportRect: {height: 1930, left: 0, top: 112, width: 1080}, warnings: {}, webStorageEnabled: false}
Session ID: 965befd7-667c-466b-9102-afe49cdc0e9b
	at org.openqa.selenium.remote.ErrorHandler.createThrowable(ErrorHandler.java:214)
	at org.openqa.selenium.remote.ErrorHandler.throwIfResponseFailed(ErrorHandler.java:166)
	at org.openqa.selenium.remote.http.JsonHttpResponseCodec.reconstructValue(JsonHttpResponseCodec.java:40)
	at org.openqa.selenium.remote.http.AbstractHttpResponseCodec.decode(AbstractHttpResponseCodec.java:80)
	at org.openqa.selenium.remote.http.AbstractHttpResponseCodec.decode(AbstractHttpResponseCodec.java:44)
	at org.openqa.selenium.remote.HttpCommandExecutor.execute(HttpCommandExecutor.java:158)
	at io.appium.java_client.remote.AppiumCommandExecutor.execute(AppiumCommandExecutor.java:250)
	at org.openqa.selenium.remote.RemoteWebDriver.execute(RemoteWebDriver.java:552)
	at io.appium.java_client.DefaultGenericMobileDriver.execute(DefaultGenericMobileDriver.java:41)
	at io.appium.java_client.AppiumDriver.execute(AppiumDriver.java:1)
	at io.appium.java_client.android.AndroidDriver.execute(AndroidDriver.java:1)
	at org.openqa.selenium.remote.RemoteWebElement.execute(RemoteWebElement.java:285)
	at io.appium.java_client.DefaultGenericMobileElement.execute(DefaultGenericMobileElement.java:45)
	at io.appium.java_client.MobileElement.execute(MobileElement.java:1)
	at io.appium.java_client.android.AndroidElement.execute(AndroidElement.java:1)
	at org.openqa.selenium.remote.RemoteWebElement.sendKeys(RemoteWebElement.java:106)
	at org.quote.MdaTypes.ProcessCBTMDA.processMobileHeaderMDA(ProcessCBTMDA.java:528)
	at org.quote.mobileMDATests.CarInsuranceCompanies.validate_headerMDA(CarInsuranceCompanies.java:136)
	at org.quote.mobileMDATests.CarInsuranceCompanies.validate_SiteURLs(CarInsuranceCompanies.java:80)
	... 24 more
... Removed 30 stack frames]]>
    </failure>
  </testcase> <!-- validate_SiteURLs -->
</testsuite> <!-- androidChromeTest -->
