<?xml version="1.0" encoding="UTF-8"?>
<!-- Generated by org.testng.reporters.JUnitXMLReporter -->
<testsuite hostname="DESKTOP-6DRS0JN" failures="0" tests="1" name="iPhoneSafariTest" time="0.003" errors="0" timestamp="10 Feb 2022 15:32:36 GMT">
  <testcase classname="org.quote.mdaTests.AI_CheckMDAs" name="@BeforeClass setup" time="0.0">
    <failure type="org.testng.TestNGException" message="
Parameter &amp;apos;os&amp;apos; is required by @Configuration on method setup but has not been marked @Optional or defined
in C:\Tayu\Code\Java_Workspace\MdaChecker\TestNG.xml">
      <![CDATA[org.testng.TestNGException: 
Parameter 'os' is required by @Configuration on method setup but has not been marked @Optional or defined
in C:\Tayu\Code\Java_Workspace\MdaChecker\TestNG.xml
... Removed 21 stack frames]]>
    </failure>
  </testcase> <!-- @BeforeClass setup -->
  <testcase classname="org.quote.mdaTests.AI_CheckMDAs" name="@AfterClass close" time="0.0">
    <skipped/>
  </testcase> <!-- @AfterClass close -->
  <testcase classname="org.quote.mdaTests.AI_CheckMDAs" name="validate_SiteURLs" time="0.001">
    <skipped/>
  </testcase> <!-- validate_SiteURLs -->
</testsuite> <!-- iPhoneSafariTest -->
