<?xml version="1.0" encoding="UTF-8"?>
<testng-results total="1" passed="1" failed="0" skipped="0">
  <reporter-output>
  </reporter-output>
  <suite started-at="2022-04-01T18:47:31Z" name="RegressionSuite" finished-at="2022-04-01T18:59:18Z" duration-ms="706914">
    <groups>
    </groups>
    <test started-at="2022-04-01T18:47:31Z" name="MacSafariTest" finished-at="2022-04-01T18:47:31Z" duration-ms="10">
    </test> <!-- MacSafariTest -->
    <test started-at="2022-04-01T18:47:31Z" name="MacChromeTest" finished-at="2022-04-01T18:47:31Z" duration-ms="1">
    </test> <!-- MacChromeTest -->
    <test started-at="2022-04-01T18:47:31Z" name="WinChromeTest" finished-at="2022-04-01T18:59:18Z" duration-ms="706745">
      <class name="com.quote.dropDown.deskTopMDATests.InsuranceProviders">
        <test-method is-config="true" signature="setup(java.lang.String, java.lang.String, java.lang.String, java.lang.String, org.testng.ITestContext)[pri:0, instance:com.quote.dropDown.deskTopMDATests.InsuranceProviders@60d8c9b7]" started-at="2022-04-01T14:47:31Z" name="setup" finished-at="2022-04-01T14:47:41Z" duration-ms="9838" status="PASS">
          <params>
            <param index="0">
              <value>
                <![CDATA[Windows 10]]>
              </value>
            </param>
            <param index="1">
              <value>
                <![CDATA[Chrome]]>
              </value>
            </param>
            <param index="2">
              <value>
                <![CDATA[96]]>
              </value>
            </param>
            <param index="3">
              <value>
                <![CDATA[1366x768]]>
              </value>
            </param>
            <param index="4">
              <value>
                <![CDATA[org.testng.TestRunner@6fef75c6]]>
              </value>
            </param>
          </params>
          <reporter-output>
          </reporter-output>
        </test-method> <!-- setup -->
        <test-method signature="validate_SiteURLs()[pri:0, instance:com.quote.dropDown.deskTopMDATests.InsuranceProviders@60d8c9b7]" started-at="2022-04-01T14:47:41Z" name="validate_SiteURLs" finished-at="2022-04-01T14:59:18Z" duration-ms="696885" status="PASS">
          <reporter-output>
          </reporter-output>
        </test-method> <!-- validate_SiteURLs -->
      </class> <!-- com.quote.dropDown.deskTopMDATests.InsuranceProviders -->
    </test> <!-- WinChromeTest -->
    <test started-at="2022-04-01T18:59:18Z" name="WinFireFoxTest" finished-at="2022-04-01T18:59:18Z" duration-ms="1">
    </test> <!-- WinFireFoxTest -->
  </suite> <!-- RegressionSuite -->
</testng-results>
